<?xml version="1.0" encoding="UTF-8"?>
<testng-results skipped="0" failed="0" ignored="0" total="3" passed="3">
  <reporter-output>
  </reporter-output>
  <suite name="Default suite" duration-ms="21369" started-at="2017-04-09T10:52:06Z" finished-at="2017-04-09T10:52:27Z">
    <groups>
    </groups>
    <test name="Default test" duration-ms="21369" started-at="2017-04-09T10:52:06Z" finished-at="2017-04-09T10:52:27Z">
      <class name="testng.tutorial.WordpressLoginTest">
        <test-method status="PASS" signature="logonToWordpress(java.lang.String, java.lang.String)[pri:0, instance:testng.tutorial.WordpressLoginTest@2b98378d]" name="logonToWordpress" duration-ms="8311" started-at="2017-04-09T19:52:06Z" data-provider="wordpressData" finished-at="2017-04-09T19:52:14Z">
          <params>
            <param index="0">
              <value>
                <![CDATA[admin1]]>
              </value>
            </param>
            <param index="1">
              <value>
                <![CDATA[demo1]]>
              </value>
            </param>
          </params>
          <reporter-output>
          </reporter-output>
        </test-method> <!-- logonToWordpress -->
        <test-method status="PASS" signature="logonToWordpress(java.lang.String, java.lang.String)[pri:0, instance:testng.tutorial.WordpressLoginTest@2b98378d]" name="logonToWordpress" duration-ms="7180" started-at="2017-04-09T19:52:14Z" data-provider="wordpressData" finished-at="2017-04-09T19:52:21Z">
          <params>
            <param index="0">
              <value>
                <![CDATA[meenal.agarwal2@gmail.com]]>
              </value>
            </param>
            <param index="1">
              <value>
                <![CDATA[jaisriram]]>
              </value>
            </param>
          </params>
          <reporter-output>
          </reporter-output>
        </test-method> <!-- logonToWordpress -->
        <test-method status="PASS" signature="logonToWordpress(java.lang.String, java.lang.String)[pri:0, instance:testng.tutorial.WordpressLoginTest@2b98378d]" name="logonToWordpress" duration-ms="5816" started-at="2017-04-09T19:52:21Z" data-provider="wordpressData" finished-at="2017-04-09T19:52:27Z">
          <params>
            <param index="0">
              <value>
                <![CDATA[admin2]]>
              </value>
            </param>
            <param index="1">
              <value>
                <![CDATA[demo1234]]>
              </value>
            </param>
          </params>
          <reporter-output>
          </reporter-output>
        </test-method> <!-- logonToWordpress -->
      </class> <!-- testng.tutorial.WordpressLoginTest -->
    </test> <!-- Default test -->
  </suite> <!-- Default suite -->
</testng-results>
